<?xml version="1.0" encoding="UTF-8"?>
<!-- Generated by org.testng.reporters.JUnitXMLReporter -->
<testsuite ignored="0" hostname="DESKTOP-OOHKJP3" failures="0" tests="26" name="Admin Page" time="75.318" errors="0" timestamp="2021-07-14T14:07:02 CDT">
  <testcase classname="Execution.adminPageTest" name="testForCertPage" time="2.394"/>
  <testcase classname="Execution.adminPageTest" name="verifyAdminPageTitle" time="0.02"/>
  <testcase classname="Execution.adminPageTest" name="adminHeaderHome" time="2.285"/>
  <testcase classname="Execution.adminPageTest" name="adminHeaderReportBuilder" time="3.341"/>
  <testcase classname="Execution.adminPageTest" name="adminHeaderSiteLinks" time="2.593"/>
  <testcase classname="Execution.adminPageTest" name="headerAdminHomeLinks" time="3.381"/>
  <testcase classname="Execution.adminPageTest" name="headerAdminUserAccessGroups" time="2.089"/>
  <testcase classname="Execution.adminPageTest" name="adminUserAccessGroupsLink" time="2.886"/>
  <testcase classname="Execution.adminPageTest" name="adminServiceChiefsLabel" time="2.755"/>
  <testcase classname="Execution.adminPageTest" name="adminWorkflowEditorButton" time="2.349"/>
  <testcase classname="Execution.adminPageTest" name="adminFormEditorButton" time="2.856"/>
  <testcase classname="Execution.adminPageTest" name="adminLeafLibraryButton" time="2.723"/>
  <testcase classname="Execution.adminPageTest" name="adminSiteSettingsButton" time="2.786"/>
  <testcase classname="Execution.adminPageTest" name="adminReportBuilderButton" time="3.125"/>
  <testcase classname="Execution.adminPageTest" name="adminTimelineExplorerButtonl" time="3.598"/>
  <testcase classname="Execution.adminPageTest" name="adminTemplateEditorButton" time="2.96"/>
  <testcase classname="Execution.adminPageTest" name="adminEmailTemplateEditorButton" time="3.173"/>
  <testcase classname="Execution.adminPageTest" name="adminLEAFProgrammerButton" time="2.821"/>
  <testcase classname="Execution.adminPageTest" name="adminFileManagerButton" time="2.76"/>
  <testcase classname="Execution.adminPageTest" name="adminSearchDatabaseButton" time="2.557"/>
  <testcase classname="Execution.adminPageTest" name="adminSyncServicesButton" time="2.659"/>
  <testcase classname="Execution.adminPageTest" name="adminUpdateDatabaseButton" time="2.701"/>
  <testcase classname="Execution.adminPageTest" name="adminImportSpreadsheetButton" time="5.038"/>
  <testcase classname="Execution.adminPageTest" name="adminMassActionsButton" time="2.712"/>
  <testcase classname="Execution.adminPageTest" name="adminInitiatorNewAccountButton" time="2.9"/>
  <testcase classname="Execution.adminPageTest" name="adminSitemapEditorButton" time="2.895"/>
</testsuite> <!-- Admin Page -->
