<?xml version="1.0" encoding="UTF-8"?>
<!-- Generated by org.testng.reporters.JUnitXMLReporter -->
<testsuite ignored="0" hostname="DESKTOP-OOHKJP3" failures="0" tests="5" name="AUT" time="15.837" errors="0" timestamp="2021-07-20T16:36:23 CDT">
  <testcase classname="Execution.orgChartWorkflow" name="testForCertPage" time="2.038"/>
  <testcase classname="Execution.orgChartWorkflow" name="searchByEmployee" time="3.934"/>
  <testcase classname="Execution.orgChartWorkflow" name="verifySearchByEmployee" time="0.536"/>
  <testcase classname="Execution.orgChartWorkflow" name="searchByPosition" time="6.586"/>
  <testcase classname="Execution.orgChartWorkflow" name="verifySearchByPosition" time="0.295"/>
</testsuite> <!-- AUT -->
