<?xml version="1.0" encoding="UTF-8"?>
<!-- Generated by org.testng.reporters.JUnitXMLReporter -->
<testsuite ignored="0" hostname="DESKTOP-OOHKJP3" failures="0" tests="12" name="Home Page" time="33.836" errors="0" timestamp="2021-07-14T14:05:47 CDT">
  <testcase classname="Execution.homePageTest" name="testForCertPage" time="2.149"/>
  <testcase classname="Execution.homePageTest" name="verifyPageTitle" time="0.02"/>
  <testcase classname="Execution.homePageTest" name="selectNewRequest" time="1.763"/>
  <testcase classname="Execution.homePageTest" name="selectInbox" time="3.334"/>
  <testcase classname="Execution.homePageTest" name="selectBookmarks" time="3.324"/>
  <testcase classname="Execution.homePageTest" name="selectReportBuilder" time="3.441"/>
  <testcase classname="Execution.homePageTest" name="showMoreRecords" time="2.538"/>
  <testcase classname="Execution.homePageTest" name="basicSearchNumber" time="2.756"/>
  <testcase classname="Execution.homePageTest" name="basicSearchText" time="3.626"/>
  <testcase classname="Execution.homePageTest" name="linksDropdown" time="2.108"/>
  <testcase classname="Execution.homePageTest" name="helpDropdown" time="1.557"/>
  <testcase classname="Execution.homePageTest" name="adminPanelPage" time="3.62"/>
</testsuite> <!-- Home Page -->
