<?xml version="1.0" encoding="UTF-8"?>
<!-- Generated by org.testng.reporters.JUnitXMLReporter -->
<testsuite ignored="0" hostname="DESKTOP-OOHKJP3" failures="0" tests="5" name="Org Chart Workflow" time="15.742" errors="0" timestamp="2021-07-21T08:44:55 CDT">
  <testcase classname="Execution.orgChartWorkflow" name="testForCertPage" time="1.903"/>
  <testcase classname="Execution.orgChartWorkflow" name="searchByEmployee" time="3.792"/>
  <testcase classname="Execution.orgChartWorkflow" name="verifySearchByEmployee" time="0.538"/>
  <testcase classname="Execution.orgChartWorkflow" name="searchByPosition" time="6.561"/>
  <testcase classname="Execution.orgChartWorkflow" name="verifySearchByPosition" time="0.27"/>
</testsuite> <!-- Org Chart Workflow -->
