<?xml version="1.0" encoding="UTF-8"?>
<!-- Generated by org.testng.reporters.JUnitXMLReporter -->
<testsuite ignored="0" hostname="DESKTOP-OOHKJP3" failures="0" tests="26" name="Regression" time="73.202" errors="0" timestamp="2021-07-13T15:37:00 CDT">
  <testcase classname="Execution.adminPageTest" name="testForCertPage" time="0.547"/>
  <testcase classname="Execution.adminPageTest" name="verifyAdminPageTitle" time="0.018"/>
  <testcase classname="Execution.adminPageTest" name="adminHeaderHome" time="2.44"/>
  <testcase classname="Execution.adminPageTest" name="adminHeaderReportBuilder" time="3.141"/>
  <testcase classname="Execution.adminPageTest" name="adminHeaderSiteLinks" time="2.463"/>
  <testcase classname="Execution.adminPageTest" name="headerAdminHomeLinks" time="3.494"/>
  <testcase classname="Execution.adminPageTest" name="headerAdminUserAccessGroups" time="1.709"/>
  <testcase classname="Execution.adminPageTest" name="adminUserAccessGroupsLink" time="2.452"/>
  <testcase classname="Execution.adminPageTest" name="adminServiceChiefsLabel" time="2.738"/>
  <testcase classname="Execution.adminPageTest" name="adminWorkflowEditorButton" time="2.278"/>
  <testcase classname="Execution.adminPageTest" name="adminFormEditorButton" time="3.012"/>
  <testcase classname="Execution.adminPageTest" name="adminLeafLibraryButton" time="2.557"/>
  <testcase classname="Execution.adminPageTest" name="adminSiteSettingsButton" time="2.53"/>
  <testcase classname="Execution.adminPageTest" name="adminReportBuilderButton" time="3.037"/>
  <testcase classname="Execution.adminPageTest" name="adminTimelineExplorerButtonl" time="6.97"/>
  <testcase classname="Execution.adminPageTest" name="adminTemplateEditorButton" time="3.366"/>
  <testcase classname="Execution.adminPageTest" name="adminEmailTemplateEditorButton" time="2.599"/>
  <testcase classname="Execution.adminPageTest" name="adminLEAFProgrammerButton" time="2.838"/>
  <testcase classname="Execution.adminPageTest" name="adminFileManagerButton" time="2.776"/>
  <testcase classname="Execution.adminPageTest" name="adminSearchDatabaseButton" time="2.589"/>
  <testcase classname="Execution.adminPageTest" name="adminSyncServicesButton" time="2.409"/>
  <testcase classname="Execution.adminPageTest" name="adminUpdateDatabaseButton" time="2.461"/>
  <testcase classname="Execution.adminPageTest" name="adminImportSpreadsheetButton" time="3.611"/>
  <testcase classname="Execution.adminPageTest" name="adminMassActionsButton" time="2.454"/>
  <testcase classname="Execution.adminPageTest" name="adminInitiatorNewAccountButton" time="2.541"/>
  <testcase classname="Execution.adminPageTest" name="adminSitemapEditorButton" time="2.553"/>
</testsuite> <!-- Regression -->
