<?xml version="1.0" encoding="UTF-8"?>
<!-- Generated by org.testng.reporters.JUnitXMLReporter -->
<testsuite ignored="0" hostname="DESKTOP-OOHKJP3" failures="0" tests="3" name="Report Builder Workflow" time="7.494" errors="0" timestamp="2021-07-21T16:01:33 CDT">
  <testcase classname="Execution.reportBuilderWorkflow" name="testForCertPage" time="1.968"/>
  <testcase classname="Execution.reportBuilderWorkflow" name="clickReportBuilder" time="1.491"/>
  <testcase classname="Execution.reportBuilderWorkflow" name="inputTextBox01" time="1.687"/>
</testsuite> <!-- Report Builder Workflow -->
